KFYResearchInformationCenter/kFYResearchInformationCenter/build/outputs/logs/manifest-merger-debug-report.txt
-- Merging decision tree log ---
manifest
ADDED from src\main\AndroidManifest.xml:1:1-242:12
	package
		ADDED from src\main\AndroidManifest.xml:2:5-37
		INJECTED from src\main\AndroidManifest.xml
		INJECTED from src\main\AndroidManifest.xml
	android:versionName
		ADDED from src\main\AndroidManifest.xml:4:11-38
		INJECTED from src\main\AndroidManifest.xml
		INJECTED from src\main\AndroidManifest.xml
	android:versionCode
		ADDED from src\main\AndroidManifest.xml:3:11-36
		INJECTED from src\main\AndroidManifest.xml
		INJECTED from src\main\AndroidManifest.xml
	xmlns:android
		ADDED from src\main\AndroidManifest.xml:1:11-69
supports-screens
ADDED from src\main\AndroidManifest.xml:6:5-11:39
MERGED from [KFYResearchInformationCenter:onekeyshare:unspecified] AndroidManifest.xml:12:5-17:39
	android:largeScreens
		ADDED from src\main\AndroidManifest.xml:8:9-36
	android:smallScreens
		ADDED from src\main\AndroidManifest.xml:11:9-36
	android:normalScreens
		ADDED from src\main\AndroidManifest.xml:9:9-37
	android:resizeable
		ADDED from src\main\AndroidManifest.xml:10:9-34
	android:anyDensity
		ADDED from src\main\AndroidManifest.xml:7:9-34
uses-sdk
ADDED from src\main\AndroidManifest.xml:13:5-15:40
MERGED from [KFYResearchInformationCenter:slidingMenuLib:unspecified] AndroidManifest.xml:7:5-9:41
MERGED from [KFYResearchInformationCenter:library:unspecified] AndroidManifest.xml:7:5-9:40
MERGED from [KFYResearchInformationCenter:onekeyshare:unspecified] AndroidManifest.xml:8:5-10:41
MERGED from [KFYResearchInformationCenter:sharesdk:unspecified] AndroidManifest.xml:8:5-10:41
MERGED from [com.android.support:appcompat-v7:22.2.1] AndroidManifest.xml:20:5-43
MERGED from [com.android.support:recyclerview-v7:26.0.0-alpha1] AndroidManifest.xml:20:5-44
MERGED from [com.github.chrisbanes:PhotoView:1.2.6] AndroidManifest.xml:8:5-10:41
MERGED from [com.android.support:support-v4:26.0.0-alpha1] AndroidManifest.xml:21:5-23:54
MERGED from [com.android.support:support-media-compat:26.0.0-alpha1] AndroidManifest.xml:21:5-23:63
MERGED from [com.android.support:support-fragment:26.0.0-alpha1] AndroidManifest.xml:21:5-23:60
MERGED from [com.android.support:support-core-ui:26.0.0-alpha1] AndroidManifest.xml:21:5-23:58
MERGED from [com.android.support:support-core-utils:26.0.0-alpha1] AndroidManifest.xml:21:5-23:61
MERGED from [com.android.support:support-compat:26.0.0-alpha1] AndroidManifest.xml:21:5-23:58
	tools:overrideLibrary
		ADDED from [com.android.support:support-v4:26.0.0-alpha1] AndroidManifest.xml:23:9-51
	android:targetSdkVersion
		ADDED from src\main\AndroidManifest.xml:15:9-38
		INJECTED from src\main\AndroidManifest.xml
		INJECTED from src\main\AndroidManifest.xml
	android:minSdkVersion
		ADDED from src\main\AndroidManifest.xml:14:9-35
		INJECTED from src\main\AndroidManifest.xml
		INJECTED from src\main\AndroidManifest.xml
permission#com.bjut.cyl.kfyrip.ui.permission.JPUSH_MESSAGE
ADDED from src\main\AndroidManifest.xml:17:5-19:47
	android:protectionLevel
		ADDED from src\main\AndroidManifest.xml:19:9-44
	android:name
		ADDED from src\main\AndroidManifest.xml:18:9-71
uses-permission#com.bjut.cyl.kfyrip.ui.permission.JPUSH_MESSAGE
ADDED from src\main\AndroidManifest.xml:22:5-87
	android:name
		ADDED from src\main\AndroidManifest.xml:22:22-84
uses-permission#android.permission.RECEIVE_USER_PRESENT
ADDED from src\main\AndroidManifest.xml:23:5-79
	android:name
		ADDED from src\main\AndroidManifest.xml:23:22-76
uses-permission#android.permission.INTERNET
ADDED from src\main\AndroidManifest.xml:24:5-67
	android:name
		ADDED from src\main\AndroidManifest.xml:24:22-64
uses-permission#android.permission.WAKE_LOCK
ADDED from src\main\AndroidManifest.xml:25:5-68
	android:name
		ADDED from src\main\AndroidManifest.xml:25:22-65
uses-permission#android.permission.READ_PHONE_STATE
ADDED from src\main\AndroidManifest.xml:26:5-75
	android:name
		ADDED from src\main\AndroidManifest.xml:26:22-72
uses-permission#android.permission.WRITE_EXTERNAL_STORAGE
ADDED from src\main\AndroidManifest.xml:27:5-81
	android:name
		ADDED from src\main\AndroidManifest.xml:27:22-78
uses-permission#android.permission.READ_EXTERNAL_STORAGE
ADDED from src\main\AndroidManifest.xml:28:5-80
	android:name
		ADDED from src\main\AndroidManifest.xml:28:22-77
uses-permission#android.permission.WRITE_SETTINGS
ADDED from src\main\AndroidManifest.xml:29:5-73
	android:name
		ADDED from src\main\AndroidManifest.xml:29:22-70
uses-permission#android.permission.VIBRATE
ADDED from src\main\AndroidManifest.xml:30:5-66
	android:name
		ADDED from src\main\AndroidManifest.xml:30:22-63
uses-permission#android.permission.MOUNT_UNMOUNT_FILESYSTEMS
ADDED from src\main\AndroidManifest.xml:31:5-84
	android:name
		ADDED from src\main\AndroidManifest.xml:31:22-81
uses-permission#android.permission.ACCESS_NETWORK_STATE
ADDED from src\main\AndroidManifest.xml:32:5-79
	android:name
		ADDED from src\main\AndroidManifest.xml:32:22-76
uses-permission#android.permission.ACCESS_WIFI_STATE
ADDED from src\main\AndroidManifest.xml:33:5-76
	android:name
		ADDED from src\main\AndroidManifest.xml:33:22-73
uses-permission#android.permission.GET_TASKS
ADDED from src\main\AndroidManifest.xml:34:5-67
	android:name
		ADDED from src\main\AndroidManifest.xml:34:22-65
uses-permission#android.permission.CHANGE_WIFI_STATE
ADDED from src\main\AndroidManifest.xml:36:5-75
	android:name
		ADDED from src\main\AndroidManifest.xml:36:22-73
uses-permission#android.permission.MANAGE_ACCOUNTS
ADDED from src\main\AndroidManifest.xml:37:5-73
	android:name
		ADDED from src\main\AndroidManifest.xml:37:22-71
uses-permission#android.permission.GET_ACCOUNTS
ADDED from src\main\AndroidManifest.xml:38:5-70
	android:name
		ADDED from src\main\AndroidManifest.xml:38:22-68
uses-permission#android.permission.SYSTEM_ALERT_WINDOW
ADDED from src\main\AndroidManifest.xml:40:5-78
	android:name
		ADDED from src\main\AndroidManifest.xml:40:22-75
uses-permission#android.permission.ACCESS_COARSE_LOCATION
ADDED from src\main\AndroidManifest.xml:41:5-81
	android:name
		ADDED from src\main\AndroidManifest.xml:41:22-78
uses-permission#android.permission.ACCESS_FINE_LOCATION
ADDED from src\main\AndroidManifest.xml:43:5-79
	android:name
		ADDED from src\main\AndroidManifest.xml:43:22-76
uses-permission#android.permission.ACCESS_LOCATION_EXTRA_COMMANDS
ADDED from src\main\AndroidManifest.xml:44:5-89
	android:name
		ADDED from src\main\AndroidManifest.xml:44:22-86
uses-permission#android.permission.CHANGE_NETWORK_STATE
ADDED from src\main\AndroidManifest.xml:45:5-79
	android:name
		ADDED from src\main\AndroidManifest.xml:45:22-76
uses-permission#android.permission.READ_CONTACTS
ADDED from src\main\AndroidManifest.xml:49:5-72
	android:name
		ADDED from src\main\AndroidManifest.xml:49:22-69
uses-permission#android.permission.RECORD_AUDIO
ADDED from src\main\AndroidManifest.xml:50:5-71
	android:name
		ADDED from src\main\AndroidManifest.xml:50:22-68
uses-permission#android.permission.CAMERA
ADDED from src\main\AndroidManifest.xml:52:5-65
	android:name
		ADDED from src\main\AndroidManifest.xml:52:22-62
uses-permission#android.permission.READ_CALENDAR
ADDED from src\main\AndroidManifest.xml:53:5-71
	android:name
		ADDED from src\main\AndroidManifest.xml:53:22-69
uses-permission#android.permission.WRITE_CALENDAR
ADDED from src\main\AndroidManifest.xml:54:5-72
	android:name
		ADDED from src\main\AndroidManifest.xml:54:22-70
uses-permission#android.permission.CALL_PHONE
ADDED from src\main\AndroidManifest.xml:55:5-68
	android:name
		ADDED from src\main\AndroidManifest.xml:55:22-66
uses-feature#android.hardware.camera
ADDED from src\main\AndroidManifest.xml:57:5-60
	android:name
		ADDED from src\main\AndroidManifest.xml:57:19-57
uses-feature#android.hardware.camera.autofocus
ADDED from src\main\AndroidManifest.xml:58:5-70
	android:name
		ADDED from src\main\AndroidManifest.xml:58:19-67
application
ADDED from src\main\AndroidManifest.xml:59:5-240:19
MERGED from [KFYResearchInformationCenter:library:unspecified] AndroidManifest.xml:11:5-20
MERGED from [KFYResearchInformationCenter:onekeyshare:unspecified] AndroidManifest.xml:19:5-22:19
MERGED from [KFYResearchInformationCenter:sharesdk:unspecified] AndroidManifest.xml:12:5-15:19
MERGED from [com.android.support:appcompat-v7:22.2.1] AndroidManifest.xml:22:5-20
MERGED from [com.android.support:support-v4:26.0.0-alpha1] AndroidManifest.xml:29:5-20
MERGED from [com.android.support:support-media-compat:26.0.0-alpha1] AndroidManifest.xml:29:5-20
MERGED from [com.android.support:support-fragment:26.0.0-alpha1] AndroidManifest.xml:29:5-20
MERGED from [com.android.support:support-core-ui:26.0.0-alpha1] AndroidManifest.xml:29:5-20
MERGED from [com.android.support:support-core-utils:26.0.0-alpha1] AndroidManifest.xml:29:5-20
MERGED from [com.android.support:support-compat:26.0.0-alpha1] AndroidManifest.xml:29:5-20
	android:label
		ADDED from src\main\AndroidManifest.xml:63:9-41
	android:debuggable
		ADDED from [KFYResearchInformationCenter:onekeyshare:unspecified] AndroidManifest.xml:21:9-34
	android:allowBackup
		ADDED from src\main\AndroidManifest.xml:61:9-35
	android:icon
		ADDED from src\main\AndroidManifest.xml:62:9-42
	android:theme
		ADDED from src\main\AndroidManifest.xml:64:9-43
	android:name
		ADDED from src\main\AndroidManifest.xml:60:9-38
activity#com.bjut.cyl.kfyrip.ui.WelComeActivity
ADDED from src\main\AndroidManifest.xml:65:9-74:20
	android:label
		ADDED from src\main\AndroidManifest.xml:68:13-45
	android:configChanges
		ADDED from src\main\AndroidManifest.xml:67:13-63
	android:theme
		ADDED from src\main\AndroidManifest.xml:69:13-47
	android:name
		ADDED from src\main\AndroidManifest.xml:66:13-44
intent-filter#android.intent.action.MAIN+android.intent.category.LAUNCHER
ADDED from src\main\AndroidManifest.xml:70:13-73:29
action#android.intent.action.MAIN
ADDED from src\main\AndroidManifest.xml:71:17-69
	android:name
		ADDED from src\main\AndroidManifest.xml:71:25-66
category#android.intent.category.LAUNCHER
ADDED from src\main\AndroidManifest.xml:72:17-77
	android:name
		ADDED from src\main\AndroidManifest.xml:72:27-74
activity#cn.jpush.android.ui.PopWinActivity
ADDED from src\main\AndroidManifest.xml:76:9-80:20
	android:exported
		ADDED from src\main\AndroidManifest.xml:79:13-37
	android:theme
		ADDED from src\main\AndroidManifest.xml:78:13-49
	android:name
		ADDED from src\main\AndroidManifest.xml:77:13-62
activity#cn.jpush.android.ui.PushActivity
ADDED from src\main\AndroidManifest.xml:83:9-93:20
	android:exported
		ADDED from src\main\AndroidManifest.xml:87:13-37
	android:configChanges
		ADDED from src\main\AndroidManifest.xml:85:13-63
	android:theme
		ADDED from src\main\AndroidManifest.xml:86:13-60
	android:name
		ADDED from src\main\AndroidManifest.xml:84:13-60
intent-filter#android.intent.category.DEFAULT+cn.jpush.android.ui.PushActivity+com.bjut.cyl.kfyrip.ui
ADDED from src\main\AndroidManifest.xml:88:13-92:29
action#cn.jpush.android.ui.PushActivity
ADDED from src\main\AndroidManifest.xml:89:17-75
	android:name
		ADDED from src\main\AndroidManifest.xml:89:25-72
category#android.intent.category.DEFAULT
ADDED from src\main\AndroidManifest.xml:90:17-76
	android:name
		ADDED from src\main\AndroidManifest.xml:90:27-73
category#com.bjut.cyl.kfyrip.ui
ADDED from src\main\AndroidManifest.xml:91:17-67
	android:name
		ADDED from src\main\AndroidManifest.xml:91:27-64
service#cn.jpush.android.service.PushService
ADDED from src\main\AndroidManifest.xml:97:9-107:19
	android:process
		ADDED from src\main\AndroidManifest.xml:99:13-36
	android:exported
		ADDED from src\main\AndroidManifest.xml:100:13-37
	android:name
		ADDED from src\main\AndroidManifest.xml:98:13-64
intent-filter#cn.jpush.android.intent.PUSH_TIME+cn.jpush.android.intent.PushService+cn.jpush.android.intent.REGISTER+cn.jpush.android.intent.REPORT
ADDED from src\main\AndroidManifest.xml:101:13-106:29
action#cn.jpush.android.intent.REGISTER
ADDED from src\main\AndroidManifest.xml:102:17-75
	android:name
		ADDED from src\main\AndroidManifest.xml:102:25-72
action#cn.jpush.android.intent.REPORT
ADDED from src\main\AndroidManifest.xml:103:17-73
	android:name
		ADDED from src\main\AndroidManifest.xml:103:25-70
action#cn.jpush.android.intent.PushService
ADDED from src\main\AndroidManifest.xml:104:17-78
	android:name
		ADDED from src\main\AndroidManifest.xml:104:25-75
action#cn.jpush.android.intent.PUSH_TIME
ADDED from src\main\AndroidManifest.xml:105:17-76
	android:name
		ADDED from src\main\AndroidManifest.xml:105:25-73
service#cn.jpush.android.service.DaemonService
ADDED from src\main\AndroidManifest.xml:111:9-120:19
	android:enabled
		ADDED from src\main\AndroidManifest.xml:113:13-35
	android:exported
		ADDED from src\main\AndroidManifest.xml:114:13-36
	android:name
		ADDED from src\main\AndroidManifest.xml:112:13-66
intent-filter#cn.jpush.android.intent.DaemonService+com.bjut.cyl.kfyrip.ui
ADDED from src\main\AndroidManifest.xml:115:13-118:29
action#cn.jpush.android.intent.DaemonService
ADDED from src\main\AndroidManifest.xml:116:17-80
	android:name
		ADDED from src\main\AndroidManifest.xml:116:25-77
receiver#cn.jpush.android.service.PushReceiver
ADDED from src\main\AndroidManifest.xml:123:9-142:20
	android:enabled
		ADDED from src\main\AndroidManifest.xml:125:13-35
	android:exported
		ADDED from src\main\AndroidManifest.xml:126:13-37
	android:name
		ADDED from src\main\AndroidManifest.xml:124:13-65
intent-filter#cn.jpush.android.intent.NOTIFICATION_RECEIVED_PROXY+com.bjut.cyl.kfyrip.ui
ADDED from src\main\AndroidManifest.xml:127:13-130:29
	android:priority
		ADDED from src\main\AndroidManifest.xml:127:28-51
action#cn.jpush.android.intent.NOTIFICATION_RECEIVED_PROXY
ADDED from src\main\AndroidManifest.xml:128:17-94
	android:name
		ADDED from src\main\AndroidManifest.xml:128:25-91
intent-filter#android.intent.action.USER_PRESENT+android.net.conn.CONNECTIVITY_CHANGE
ADDED from src\main\AndroidManifest.xml:131:13-134:29
action#android.intent.action.USER_PRESENT
ADDED from src\main\AndroidManifest.xml:132:17-77
	android:name
		ADDED from src\main\AndroidManifest.xml:132:25-74
action#android.net.conn.CONNECTIVITY_CHANGE
ADDED from src\main\AndroidManifest.xml:133:17-79
	android:name
		ADDED from src\main\AndroidManifest.xml:133:25-76
intent-filter#android.intent.action.PACKAGE_ADDED+android.intent.action.PACKAGE_REMOVED
ADDED from src\main\AndroidManifest.xml:136:13-141:29
action#android.intent.action.PACKAGE_ADDED
ADDED from src\main\AndroidManifest.xml:137:17-78
	android:name
		ADDED from src\main\AndroidManifest.xml:137:25-75
action#android.intent.action.PACKAGE_REMOVED
ADDED from src\main\AndroidManifest.xml:138:17-80
	android:name
		ADDED from src\main\AndroidManifest.xml:138:25-77
data
ADDED from src\main\AndroidManifest.xml:140:17-50
	android:scheme
		ADDED from src\main\AndroidManifest.xml:140:23-47
receiver#cn.jpush.android.service.AlarmReceiver
ADDED from src\main\AndroidManifest.xml:145:9-99
	android:exported
		ADDED from src\main\AndroidManifest.xml:145:73-97
	android:name
		ADDED from src\main\AndroidManifest.xml:145:19-72
receiver#com.bjut.cyl.kfyrip.utils.MyReceiver
ADDED from src\main\AndroidManifest.xml:148:8-159:20
	android:enabled
		ADDED from src\main\AndroidManifest.xml:150:13-35
	android:name
		ADDED from src\main\AndroidManifest.xml:149:13-64
intent-filter#cn.jpush.android.intent.CONNECTION+cn.jpush.android.intent.MESSAGE_RECEIVED+cn.jpush.android.intent.NOTIFICATION_OPENED+cn.jpush.android.intent.NOTIFICATION_RECEIVED+cn.jpush.android.intent.REGISTRATION+com.bjut.cyl.kfyrip.ui
ADDED from src\main\AndroidManifest.xml:151:13-158:29
action#cn.jpush.android.intent.REGISTRATION
ADDED from src\main\AndroidManifest.xml:152:17-79
	android:name
		ADDED from src\main\AndroidManifest.xml:152:25-76
action#cn.jpush.android.intent.MESSAGE_RECEIVED
ADDED from src\main\AndroidManifest.xml:153:17-83
	android:name
		ADDED from src\main\AndroidManifest.xml:153:25-80
action#cn.jpush.android.intent.NOTIFICATION_RECEIVED
ADDED from src\main\AndroidManifest.xml:154:17-88
	android:name
		ADDED from src\main\AndroidManifest.xml:154:25-85
action#cn.jpush.android.intent.NOTIFICATION_OPENED
ADDED from src\main\AndroidManifest.xml:155:17-86
	android:name
		ADDED from src\main\AndroidManifest.xml:155:25-83
action#cn.jpush.android.intent.CONNECTION
ADDED from src\main\AndroidManifest.xml:156:17-77
	android:name
		ADDED from src\main\AndroidManifest.xml:156:25-74
meta-data#JPUSH_CHANNEL
ADDED from src\main\AndroidManifest.xml:162:9-84
	android:value
		ADDED from src\main\AndroidManifest.xml:162:49-82
	android:name
		ADDED from src\main\AndroidManifest.xml:162:20-48
meta-data#JPUSH_APPKEY
ADDED from src\main\AndroidManifest.xml:163:9-91
	android:value
		ADDED from src\main\AndroidManifest.xml:163:48-88
	android:name
		ADDED from src\main\AndroidManifest.xml:163:20-47
activity#com.bjut.cyl.kfyrip.ui.MessageDetailsActivity
ADDED from src\main\AndroidManifest.xml:165:9-166:67
	android:screenOrientation
		ADDED from src\main\AndroidManifest.xml:166:19-55
	android:name
		ADDED from src\main\AndroidManifest.xml:165:19-56
activity#com.bjut.cyl.kfyrip.ui.MainActivity
ADDED from src\main\AndroidManifest.xml:167:9-168:67
	android:screenOrientation
		ADDED from src\main\AndroidManifest.xml:168:19-55
	android:name
		ADDED from src\main\AndroidManifest.xml:167:19-46
activity#com.bjut.cyl.kfyrip.ui.LoginActivity
ADDED from src\main\AndroidManifest.xml:169:9-171:67
	android:screenOrientation
		ADDED from src\main\AndroidManifest.xml:171:19-55
	android:windowSoftInputMode
		ADDED from src\main\AndroidManifest.xml:170:19-61
	android:name
		ADDED from src\main\AndroidManifest.xml:169:19-47
activity#com.bjut.cyl.kfyrip.ui.CommentListActivity
ADDED from src\main\AndroidManifest.xml:172:9-173:67
	android:screenOrientation
		ADDED from src\main\AndroidManifest.xml:173:19-55
	android:name
		ADDED from src\main\AndroidManifest.xml:172:19-53
activity#com.bjut.cyl.kfyrip.ui.NewsDetailsActivity
ADDED from src\main\AndroidManifest.xml:174:9-175:67
	android:screenOrientation
		ADDED from src\main\AndroidManifest.xml:175:19-55
	android:name
		ADDED from src\main\AndroidManifest.xml:174:19-53
activity#com.bjut.cyl.kfyrip.ui.NewsCommentListActivity
ADDED from src\main\AndroidManifest.xml:176:9-177:67
	android:screenOrientation
		ADDED from src\main\AndroidManifest.xml:177:19-55
	android:name
		ADDED from src\main\AndroidManifest.xml:176:19-57
activity#com.bjut.cyl.kfyrip.ui.NotificationDetailsActivity
ADDED from src\main\AndroidManifest.xml:178:9-179:67
	android:screenOrientation
		ADDED from src\main\AndroidManifest.xml:179:19-55
	android:name
		ADDED from src\main\AndroidManifest.xml:178:19-61
activity#com.bjut.cyl.kfyrip.ui.NotiCommentListActivity
ADDED from src\main\AndroidManifest.xml:180:9-181:67
	android:screenOrientation
		ADDED from src\main\AndroidManifest.xml:181:19-55
	android:name
		ADDED from src\main\AndroidManifest.xml:180:19-57
activity#com.bjut.cyl.kfyrip.ui.QnADetailsActivity
ADDED from src\main\AndroidManifest.xml:182:9-183:67
	android:screenOrientation
		ADDED from src\main\AndroidManifest.xml:183:19-55
	android:name
		ADDED from src\main\AndroidManifest.xml:182:19-52
activity#com.bjut.cyl.kfyrip.ui.AskQuestionActivity
ADDED from src\main\AndroidManifest.xml:184:9-185:67
	android:screenOrientation
		ADDED from src\main\AndroidManifest.xml:185:19-55
	android:name
		ADDED from src\main\AndroidManifest.xml:184:19-53
activity#com.bjut.cyl.kfyrip.ui.FindingListActivity
ADDED from src\main\AndroidManifest.xml:186:9-187:67
	android:screenOrientation
		ADDED from src\main\AndroidManifest.xml:187:19-55
	android:name
		ADDED from src\main\AndroidManifest.xml:186:19-53
activity#com.bjut.cyl.kfyrip.ui.MyQuestionActivity
ADDED from src\main\AndroidManifest.xml:188:9-189:67
	android:screenOrientation
		ADDED from src\main\AndroidManifest.xml:189:19-55
	android:name
		ADDED from src\main\AndroidManifest.xml:188:19-52
activity#com.bjut.cyl.kfyrip.ui.MyCollectActivity
ADDED from src\main\AndroidManifest.xml:190:9-191:67
	android:screenOrientation
		ADDED from src\main\AndroidManifest.xml:191:19-55
	android:name
		ADDED from src\main\AndroidManifest.xml:190:19-51
activity#com.bjut.cyl.kfyrip.ui.SearchActivity
ADDED from src\main\AndroidManifest.xml:192:9-193:67
	android:screenOrientation
		ADDED from src\main\AndroidManifest.xml:193:19-55
	android:name
		ADDED from src\main\AndroidManifest.xml:192:19-48
activity#com.bjut.cyl.kfyrip.ui.AskQuestionByKeyActivity
ADDED from src\main\AndroidManifest.xml:194:9-195:67
	android:screenOrientation
		ADDED from src\main\AndroidManifest.xml:195:19-55
	android:name
		ADDED from src\main\AndroidManifest.xml:194:19-58
activity#com.bjut.cyl.kfyrip.ui.SearchResultActivity
ADDED from src\main\AndroidManifest.xml:196:9-197:67
	android:screenOrientation
		ADDED from src\main\AndroidManifest.xml:197:19-55
	android:name
		ADDED from src\main\AndroidManifest.xml:196:19-54
activity#com.bjut.cyl.kfyrip.ui.AboutVersionActivity
ADDED from src\main\AndroidManifest.xml:198:9-199:67
	android:screenOrientation
		ADDED from src\main\AndroidManifest.xml:199:19-55
	android:name
		ADDED from src\main\AndroidManifest.xml:198:19-55
activity#com.bjut.cyl.kfyrip.ui.OfficeInfoActivity
ADDED from src\main\AndroidManifest.xml:200:9-201:67
	android:screenOrientation
		ADDED from src\main\AndroidManifest.xml:201:19-55
	android:name
		ADDED from src\main\AndroidManifest.xml:200:19-53
activity#com.bjut.cyl.kfyrip.ui.MipcaActivityCapture
ADDED from src\main\AndroidManifest.xml:202:9-203:67
	android:screenOrientation
		ADDED from src\main\AndroidManifest.xml:203:19-55
	android:name
		ADDED from src\main\AndroidManifest.xml:202:19-55
activity#com.bjut.cyl.kfyrip.ui.QRCompleteActivity
ADDED from src\main\AndroidManifest.xml:204:9-205:67
	android:screenOrientation
		ADDED from src\main\AndroidManifest.xml:205:19-55
	android:name
		ADDED from src\main\AndroidManifest.xml:204:19-53
activity#com.bjut.cyl.kfyrip.ui.ApplyDetailsActivity
ADDED from src\main\AndroidManifest.xml:206:9-207:67
	android:screenOrientation
		ADDED from src\main\AndroidManifest.xml:207:19-55
	android:name
		ADDED from src\main\AndroidManifest.xml:206:19-55
activity#com.bjut.cyl.kfyrip.ui.MySignUpActivity
ADDED from src\main\AndroidManifest.xml:208:9-209:67
	android:screenOrientation
		ADDED from src\main\AndroidManifest.xml:209:19-55
	android:name
		ADDED from src\main\AndroidManifest.xml:208:19-51
activity#com.bjut.cyl.kfyrip.ui.PatentActivity
ADDED from src\main\AndroidManifest.xml:210:9-211:67
	android:screenOrientation
		ADDED from src\main\AndroidManifest.xml:211:19-55
	android:name
		ADDED from src\main\AndroidManifest.xml:210:19-49
activity#com.bjut.cyl.kfyrip.ui.LixiangActivity
ADDED from src\main\AndroidManifest.xml:212:9-213:67
	android:screenOrientation
		ADDED from src\main\AndroidManifest.xml:213:19-55
	android:name
		ADDED from src\main\AndroidManifest.xml:212:19-50
activity#com.bjut.cyl.kfyrip.ui.BaoJiangActivity
ADDED from src\main\AndroidManifest.xml:214:9-215:67
	android:screenOrientation
		ADDED from src\main\AndroidManifest.xml:215:19-55
	android:name
		ADDED from src\main\AndroidManifest.xml:214:19-51
activity#com.mob.tools.MobUIShell
ADDED from src\main\AndroidManifest.xml:218:9-230:20
	android:screenOrientation
		ADDED from src\main\AndroidManifest.xml:222:13-49
	android:windowSoftInputMode
		ADDED from src\main\AndroidManifest.xml:223:13-67
	android:configChanges
		ADDED from src\main\AndroidManifest.xml:221:13-74
	android:theme
		ADDED from src\main\AndroidManifest.xml:220:13-72
	android:name
		ADDED from src\main\AndroidManifest.xml:219:13-52
intent-filter#android.intent.action.VIEW+android.intent.category.BROWSABLE+android.intent.category.DEFAULT
ADDED from src\main\AndroidManifest.xml:224:13-229:29
action#android.intent.action.VIEW
ADDED from src\main\AndroidManifest.xml:226:17-69
	android:name
		ADDED from src\main\AndroidManifest.xml:226:25-66
category#android.intent.category.BROWSABLE
ADDED from src\main\AndroidManifest.xml:227:17-78
	android:name
		ADDED from src\main\AndroidManifest.xml:227:27-75
activity#com.bjut.cyl.kfyrip.ui.wxapi.WXEntryActivity
ADDED from src\main\AndroidManifest.xml:233:9-238:74
	android:screenOrientation
		ADDED from src\main\AndroidManifest.xml:237:13-49
	android:exported
		ADDED from src\main\AndroidManifest.xml:236:13-36
	android:configChanges
		ADDED from src\main\AndroidManifest.xml:235:13-74
	android:theme
		ADDED from src\main\AndroidManifest.xml:238:13-72
	android:name
		ADDED from src\main\AndroidManifest.xml:234:13-50
meta-data#android.support.VERSION
ADDED from [com.android.support:recyclerview-v7:26.0.0-alpha1] AndroidManifest.xml:22:5-24:41
MERGED from [com.android.support:support-v4:26.0.0-alpha1] AndroidManifest.xml:25:5-27:41
MERGED from [com.android.support:support-media-compat:26.0.0-alpha1] AndroidManifest.xml:25:5-27:41
MERGED from [com.android.support:support-fragment:26.0.0-alpha1] AndroidManifest.xml:25:5-27:41
MERGED from [com.android.support:support-core-ui:26.0.0-alpha1] AndroidManifest.xml:25:5-27:41
MERGED from [com.android.support:support-core-utils:26.0.0-alpha1] AndroidManifest.xml:25:5-27:41
MERGED from [com.android.support:support-compat:26.0.0-alpha1] AndroidManifest.xml:25:5-27:41
	android:value
		ADDED from [com.android.support:recyclerview-v7:26.0.0-alpha1] AndroidManifest.xml:24:9-38
	android:name
		ADDED from [com.android.support:recyclerview-v7:26.0.0-alpha1] AndroidManifest.xml:23:9-47